[2022-09-22 19:09:49] Running script...
[2022-09-22 19:09:49] Response from light.gg: 200
[2022-09-22 19:09:49] Getting Lost Sector Name from light.gg...
[2022-09-22 19:09:51] Getting available Mods from light.gg...
[2022-09-22 19:09:51] Weapon Mods: ['Backup Mag', 'Sprint Grip', 'Quick Access Sling', 'Dragonfly Spec']
[2022-09-22 19:09:51] Armor Mods: ['Unflinching Grenade Launcher Aim', 'Shotgun Scavenger', 'Precision Charge', 'Glaive Dexterity']
[2022-09-22 19:09:51] Legendary Lost Sector: Scavenger's Den (EDZ)
[2022-09-22 19:09:51] Successfully obtained available mods!
[2022-09-22 19:09:51] Emptying Mod list for User: 144421854629593088...
[2022-09-22 19:09:51] Sending Embeded Message to user: Relentless#5555...
[2022-09-22 19:09:52] Emptying Mod list for User: 311998237034938368...
[2022-09-22 19:09:52] Sending Embeded Message to user: PlagueForge#7615...
[2022-09-22 19:09:52] Response from light.gg: 200
[2022-09-22 19:09:52] Getting Lost Sector Name from light.gg...
[2022-09-22 19:09:54] Getting available Mods from light.gg...
[2022-09-22 19:09:54] Previous Weapon Mods: ['Backup Mag', 'Sprint Grip', 'Quick Access Sling', 'Dragonfly Spec']
[2022-09-22 19:09:54] Previous Armor Mods: ['Unflinching Grenade Launcher Aim', 'Shotgun Scavenger', 'Precision Charge', 'Glaive Dexterity']
[2022-09-22 19:09:54] Previous Lost Sector: Scavenger's Den (EDZ)
[2022-09-22 19:16:49] Received a message from a user: Relentless#5555...
[2022-09-22 19:16:49] !dm
[2022-09-22 19:16:49] Messaging User: Relentless#5555 with 'Okay, I will remove those mods from your list!'...
[2022-09-22 19:16:49] Message sent!
[2022-09-22 19:16:49] Messaging User: Relentless#5555 with 'Successfully removed your Mods, if this was a mistake, say '!undo'.'...
[2022-09-22 19:16:50] Message sent!
[2022-09-23 18:00:00] User: 144421854629593088 deleted their mods before reset! Huzzah!
[2022-09-23 18:00:00] User: 311998237034938368 deleted their mods before reset! Huzzah!
[2022-09-23 18:00:00] Waiting until next Daily Reset...
[2022-09-23 19:05:00] Running script...
[2022-09-23 19:05:00] Response from light.gg: 200
[2022-09-23 19:05:00] Getting Lost Sector Name from light.gg...
[2022-09-23 19:05:02] Getting available Mods from light.gg...
[2022-09-23 19:05:02] Weapon Mods: ['Backup Mag', 'Sprint Grip', 'Quick Access Sling', 'Dragonfly Spec']
[2022-09-23 19:05:02] Armor Mods: ['Unflinching Grenade Launcher Aim', 'Shotgun Scavenger', 'Precision Charge', 'Glaive Dexterity']
[2022-09-23 19:05:02] Legendary Lost Sector: Scavenger's Den (EDZ)
[2022-09-23 19:05:02] light.gg has not updated yet... Waiting 60s before trying again...
[2022-09-23 19:06:18] Response from light.gg: 200
[2022-09-23 19:06:18] Getting Lost Sector Name from light.gg...
[2022-09-23 19:06:20] Getting available Mods from light.gg...
[2022-09-23 19:06:20] Retrieved Weapon Mods: ['Backup Mag', 'Sprint Grip', 'Quick Access Sling', 'Dragonfly Spec']
[2022-09-23 19:06:20] Retrieved Armor Mods: ['Unflinching Grenade Launcher Aim', 'Shotgun Scavenger', 'Precision Charge', 'Glaive Dexterity']
[2022-09-23 19:06:20] Retrieved Legendary Lost Sector: The Quarry (EDZ)
[2022-09-23 19:06:20] Previous Weapon Mods: ['Backup Mag', 'Sprint Grip', 'Quick Access Sling', 'Dragonfly Spec']
[2022-09-23 19:06:20] Previous Armor Mods: ['Unflinching Grenade Launcher Aim', 'Shotgun Scavenger', 'Precision Charge', 'Glaive Dexterity']
[2022-09-23 19:06:20] Previous Armor Mods: Scavenger's Den (EDZ)
[2022-09-23 19:06:20] Successfully obtained available mods!
[2022-09-23 19:06:20] Emptying Mod list for User: 144421854629593088...
[2022-09-23 19:06:20] Sending Embeded Message to user: Relentless#5555...
[2022-09-23 19:06:20] Emptying Mod list for User: 311998237034938368...
[2022-09-23 19:06:21] Sending Embeded Message to user: PlagueForge#7615...
[2022-09-23 19:06:21] Response from light.gg: 200
[2022-09-23 19:06:21] Getting Lost Sector Name from light.gg...
[2022-09-23 19:06:24] Getting available Mods from light.gg...
[2022-09-23 19:06:24] Previous Weapon Mods: ['Backup Mag', 'Sprint Grip', 'Quick Access Sling', 'Dragonfly Spec']
[2022-09-23 19:06:24] Previous Armor Mods: ['Unflinching Grenade Launcher Aim', 'Shotgun Scavenger', 'Precision Charge', 'Glaive Dexterity']
[2022-09-23 19:06:24] Previous Lost Sector: The Quarry (EDZ)
[2022-09-24 18:00:00] User: 144421854629593088 deleted their mods before reset! Huzzah!
[2022-09-24 18:00:00] User: 311998237034938368 deleted their mods before reset! Huzzah!
[2022-09-24 18:00:00] Waiting until next Daily Reset...
[2022-09-24 19:05:00] Running script...
[2022-09-24 19:05:00] Response from light.gg: 200
[2022-09-24 19:05:00] Getting Lost Sector Name from light.gg...
[2022-09-24 19:05:02] Getting available Mods from light.gg...
[2022-09-24 19:05:03] Weapon Mods: ['Radar Tuner', 'Targeting Adjuster', 'Quick Access Sling', 'Rampage Spec']
[2022-09-24 19:05:03] Armor Mods: ['Unflinching Grenade Launcher Aim', 'Submachine Gun Dexterity', 'Power of Rasputin', 'Auto Rifle Holster']
[2022-09-24 19:05:03] Legendary Lost Sector: The Quarry (EDZ)
[2022-09-24 19:05:03] Successfully obtained available mods!
[2022-09-24 19:05:03] Emptying Mod list for User: 144421854629593088...
[2022-09-24 19:05:03] Sending Embeded Message to user: Relentless#5555...
[2022-09-24 19:05:03] Emptying Mod list for User: 311998237034938368...
[2022-09-24 19:05:03] Sending Embeded Message to user: PlagueForge#7615...